{"C:\\Users\\abina\\Downloads\\Neura-Assigment-master\\Neura-Assigment-master\\src\\App.tsx": {"path":"C:\\Users\\abina\\Downloads\\Neura-Assigment-master\\Neura-Assigment-master\\src\\App.tsx","statementMap":{"0":{"start":{"line":11,"column":10},"end":{"line":11,"column":null}},"1":{"start":{"line":11,"column":60},"end":{"line":11,"column":88}},"2":{"start":{"line":13,"column":4},"end":{"line":40,"column":null}}},"fnMap":{"0":{"name":"App","decl":{"start":{"line":10,"column":24},"end":{"line":10,"column":30}},"loc":{"start":{"line":10,"column":30},"end":{"line":42,"column":null}},"line":10},"1":{"name":"(anonymous_1)","decl":{"start":{"line":11,"column":38},"end":{"line":11,"column":39}},"loc":{"start":{"line":11,"column":60},"end":{"line":11,"column":88}},"line":11}},"branchMap":{"0":{"loc":{"start":{"line":23,"column":25},"end":{"line":26,"column":null}},"type":"binary-expr","locations":[{"start":{"line":23,"column":25},"end":{"line":23,"column":null}},{"start":{"line":24,"column":28},"end":{"line":26,"column":null}}],"line":23}},"s":{"0":4,"1":8,"2":4},"f":{"0":4,"1":8},"b":{"0":[4,1]},"meta":{"lastBranch":1,"lastFunction":2,"lastStatement":3,"seen":{"f:10:24:10:30":0,"s:11:10:11:Infinity":0,"f:11:38:11:39":1,"s:11:60:11:88":1,"s:13:4:40:Infinity":2,"b:23:25:23:Infinity:24:28:26:Infinity":0}}}
,"C:\\Users\\abina\\Downloads\\Neura-Assigment-master\\Neura-Assigment-master\\src\\app\\store.ts": {"path":"C:\\Users\\abina\\Downloads\\Neura-Assigment-master\\Neura-Assigment-master\\src\\app\\store.ts","statementMap":{"0":{"start":{"line":5,"column":13},"end":{"line":10,"column":null}}},"fnMap":{},"branchMap":{},"s":{"0":1},"f":{},"b":{},"meta":{"lastBranch":0,"lastFunction":0,"lastStatement":1,"seen":{"s:5:13:10:Infinity":0}}}
,"C:\\Users\\abina\\Downloads\\Neura-Assigment-master\\Neura-Assigment-master\\src\\components\\FilterBar.tsx": {"path":"C:\\Users\\abina\\Downloads\\Neura-Assigment-master\\Neura-Assigment-master\\src\\components\\FilterBar.tsx","statementMap":{"0":{"start":{"line":7,"column":4},"end":{"line":67,"column":null}},"1":{"start":{"line":14,"column":37},"end":{"line":14,"column":null}},"2":{"start":{"line":45,"column":37},"end":{"line":45,"column":null}}},"fnMap":{"0":{"name":"FilterBar","decl":{"start":{"line":6,"column":24},"end":{"line":6,"column":34}},"loc":{"start":{"line":6,"column":77},"end":{"line":69,"column":null}},"line":6},"1":{"name":"(anonymous_1)","decl":{"start":{"line":14,"column":30},"end":{"line":14,"column":31}},"loc":{"start":{"line":14,"column":37},"end":{"line":14,"column":null}},"line":14},"2":{"name":"(anonymous_2)","decl":{"start":{"line":45,"column":30},"end":{"line":45,"column":31}},"loc":{"start":{"line":45,"column":37},"end":{"line":45,"column":null}},"line":45}},"branchMap":{},"s":{"0":4,"1":1,"2":1},"f":{"0":4,"1":1,"2":1},"b":{},"meta":{"lastBranch":0,"lastFunction":3,"lastStatement":3,"seen":{"f:6:24:6:34":0,"s:7:4:67:Infinity":0,"f:14:30:14:31":1,"s:14:37:14:Infinity":1,"f:45:30:45:31":2,"s:45:37:45:Infinity":2}}}
,"C:\\Users\\abina\\Downloads\\Neura-Assigment-master\\Neura-Assigment-master\\src\\components\\ProductCard.tsx": {"path":"C:\\Users\\abina\\Downloads\\Neura-Assigment-master\\Neura-Assigment-master\\src\\components\\ProductCard.tsx","statementMap":{"0":{"start":{"line":12,"column":10},"end":{"line":12,"column":null}},"1":{"start":{"line":14,"column":10},"end":{"line":14,"column":null}},"2":{"start":{"line":14,"column":56},"end":{"line":14,"column":77}},"3":{"start":{"line":16,"column":23},"end":{"line":16,"column":null}},"4":{"start":{"line":16,"column":47},"end":{"line":16,"column":68}},"5":{"start":{"line":18,"column":33},"end":{"line":24,"column":null}},"6":{"start":{"line":19,"column":8},"end":{"line":23,"column":null}},"7":{"start":{"line":20,"column":12},"end":{"line":20,"column":null}},"8":{"start":{"line":22,"column":12},"end":{"line":22,"column":null}},"9":{"start":{"line":26,"column":4},"end":{"line":64,"column":null}}},"fnMap":{"0":{"name":"ProductCard","decl":{"start":{"line":11,"column":24},"end":{"line":11,"column":36}},"loc":{"start":{"line":11,"column":56},"end":{"line":66,"column":null}},"line":11},"1":{"name":"(anonymous_1)","decl":{"start":{"line":14,"column":34},"end":{"line":14,"column":35}},"loc":{"start":{"line":14,"column":56},"end":{"line":14,"column":77}},"line":14},"2":{"name":"(anonymous_2)","decl":{"start":{"line":16,"column":38},"end":{"line":16,"column":39}},"loc":{"start":{"line":16,"column":47},"end":{"line":16,"column":68}},"line":16},"3":{"name":"(anonymous_3)","decl":{"start":{"line":18,"column":33},"end":{"line":18,"column":39}},"loc":{"start":{"line":18,"column":39},"end":{"line":24,"column":null}},"line":18}},"branchMap":{"0":{"loc":{"start":{"line":19,"column":8},"end":{"line":23,"column":null}},"type":"if","locations":[{"start":{"line":19,"column":8},"end":{"line":23,"column":null}},{"start":{"line":21,"column":15},"end":{"line":23,"column":null}}],"line":19},"1":{"loc":{"start":{"line":42,"column":71},"end":{"line":42,"column":113}},"type":"cond-expr","locations":[{"start":{"line":42,"column":84},"end":{"line":42,"column":101}},{"start":{"line":42,"column":101},"end":{"line":42,"column":113}}],"line":42}},"s":{"0":12,"1":12,"2":24,"3":12,"4":5,"5":12,"6":3,"7":1,"8":2,"9":12},"f":{"0":12,"1":24,"2":5,"3":3},"b":{"0":[1,2],"1":[4,8]},"meta":{"lastBranch":2,"lastFunction":4,"lastStatement":10,"seen":{"f:11:24:11:36":0,"s:12:10:12:Infinity":0,"s:14:10:14:Infinity":1,"f:14:34:14:35":1,"s:14:56:14:77":2,"s:16:23:16:Infinity":3,"f:16:38:16:39":2,"s:16:47:16:68":4,"s:18:33:24:Infinity":5,"f:18:33:18:39":3,"b:19:8:23:Infinity:21:15:23:Infinity":0,"s:19:8:23:Infinity":6,"s:20:12:20:Infinity":7,"s:22:12:22:Infinity":8,"s:26:4:64:Infinity":9,"b:42:84:42:101:42:101:42:113":1}}}
,"C:\\Users\\abina\\Downloads\\Neura-Assigment-master\\Neura-Assigment-master\\src\\components\\SearchBar.tsx": {"path":"C:\\Users\\abina\\Downloads\\Neura-Assigment-master\\Neura-Assigment-master\\src\\components\\SearchBar.tsx","statementMap":{"0":{"start":{"line":7,"column":10},"end":{"line":7,"column":null}},"1":{"start":{"line":8,"column":26},"end":{"line":8,"column":null}},"2":{"start":{"line":10,"column":4},"end":{"line":16,"column":null}},"3":{"start":{"line":11,"column":24},"end":{"line":13,"column":null}},"4":{"start":{"line":12,"column":12},"end":{"line":12,"column":null}},"5":{"start":{"line":15,"column":8},"end":{"line":15,"column":null}},"6":{"start":{"line":15,"column":21},"end":{"line":15,"column":null}},"7":{"start":{"line":18,"column":4},"end":{"line":42,"column":null}},"8":{"start":{"line":26,"column":33},"end":{"line":26,"column":null}}},"fnMap":{"0":{"name":"SearchBar","decl":{"start":{"line":6,"column":24},"end":{"line":6,"column":36}},"loc":{"start":{"line":6,"column":36},"end":{"line":44,"column":null}},"line":6},"1":{"name":"(anonymous_1)","decl":{"start":{"line":10,"column":14},"end":{"line":10,"column":20}},"loc":{"start":{"line":10,"column":20},"end":{"line":16,"column":7}},"line":10},"2":{"name":"(anonymous_2)","decl":{"start":{"line":11,"column":35},"end":{"line":11,"column":41}},"loc":{"start":{"line":11,"column":41},"end":{"line":13,"column":11}},"line":11},"3":{"name":"(anonymous_3)","decl":{"start":{"line":15,"column":15},"end":{"line":15,"column":21}},"loc":{"start":{"line":15,"column":21},"end":{"line":15,"column":null}},"line":15},"4":{"name":"(anonymous_4)","decl":{"start":{"line":26,"column":26},"end":{"line":26,"column":27}},"loc":{"start":{"line":26,"column":33},"end":{"line":26,"column":null}},"line":26}},"branchMap":{},"s":{"0":6,"1":6,"2":6,"3":6,"4":1,"5":6,"6":6,"7":6,"8":2},"f":{"0":6,"1":6,"2":1,"3":6,"4":2},"b":{},"meta":{"lastBranch":0,"lastFunction":5,"lastStatement":9,"seen":{"f:6:24:6:36":0,"s:7:10:7:Infinity":0,"s:8:26:8:Infinity":1,"s:10:4:16:Infinity":2,"f:10:14:10:20":1,"s:11:24:13:Infinity":3,"f:11:35:11:41":2,"s:12:12:12:Infinity":4,"s:15:8:15:Infinity":5,"f:15:15:15:21":3,"s:15:21:15:Infinity":6,"s:18:4:42:Infinity":7,"f:26:26:26:27":4,"s:26:33:26:Infinity":8}}}
,"C:\\Users\\abina\\Downloads\\Neura-Assigment-master\\Neura-Assigment-master\\src\\features\\favorites\\favoritesSlice.ts": {"path":"C:\\Users\\abina\\Downloads\\Neura-Assigment-master\\Neura-Assigment-master\\src\\features\\favorites\\favoritesSlice.ts","statementMap":{"0":{"start":{"line":8,"column":37},"end":{"line":10,"column":null}},"1":{"start":{"line":12,"column":6},"end":{"line":25,"column":null}},"2":{"start":{"line":17,"column":12},"end":{"line":19,"column":null}},"3":{"start":{"line":17,"column":41},"end":{"line":17,"column":67}},"4":{"start":{"line":18,"column":16},"end":{"line":18,"column":null}},"5":{"start":{"line":22,"column":12},"end":{"line":22,"column":null}},"6":{"start":{"line":22,"column":52},"end":{"line":22,"column":75}},"7":{"start":{"line":27,"column":47},"end":{"line":27,"column":null}}},"fnMap":{"0":{"name":"(anonymous_0)","decl":{"start":{"line":16,"column":8},"end":{"line":16,"column":20}},"loc":{"start":{"line":16,"column":59},"end":{"line":20,"column":null}},"line":16},"1":{"name":"(anonymous_1)","decl":{"start":{"line":17,"column":34},"end":{"line":17,"column":35}},"loc":{"start":{"line":17,"column":41},"end":{"line":17,"column":67}},"line":17},"2":{"name":"(anonymous_2)","decl":{"start":{"line":21,"column":8},"end":{"line":21,"column":23}},"loc":{"start":{"line":21,"column":61},"end":{"line":23,"column":null}},"line":21},"3":{"name":"(anonymous_3)","decl":{"start":{"line":22,"column":45},"end":{"line":22,"column":46}},"loc":{"start":{"line":22,"column":52},"end":{"line":22,"column":75}},"line":22}},"branchMap":{"0":{"loc":{"start":{"line":17,"column":12},"end":{"line":19,"column":null}},"type":"if","locations":[{"start":{"line":17,"column":12},"end":{"line":19,"column":null}},{"start":{},"end":{}}],"line":17}},"s":{"0":8,"1":8,"2":5,"3":0,"4":5,"5":4,"6":5,"7":8},"f":{"0":5,"1":0,"2":4,"3":5},"b":{"0":[5,0]},"meta":{"lastBranch":1,"lastFunction":4,"lastStatement":8,"seen":{"s:8:37:10:Infinity":0,"s:12:6:25:Infinity":1,"f:16:8:16:20":0,"b:17:12:19:Infinity:undefined:undefined:undefined:undefined":0,"s:17:12:19:Infinity":2,"f:17:34:17:35":1,"s:17:41:17:67":3,"s:18:16:18:Infinity":4,"f:21:8:21:23":2,"s:22:12:22:Infinity":5,"f:22:45:22:46":3,"s:22:52:22:75":6,"s:27:47:27:Infinity":7}}}
,"C:\\Users\\abina\\Downloads\\Neura-Assigment-master\\Neura-Assigment-master\\src\\features\\products\\productsSlice.ts": {"path":"C:\\Users\\abina\\Downloads\\Neura-Assigment-master\\Neura-Assigment-master\\src\\features\\products\\productsSlice.ts","statementMap":{"0":{"start":{"line":21,"column":36},"end":{"line":27,"column":null}},"1":{"start":{"line":29,"column":13},"end":{"line":32,"column":null}},"2":{"start":{"line":30,"column":16},"end":{"line":30,"column":null}},"3":{"start":{"line":31,"column":4},"end":{"line":31,"column":null}},"4":{"start":{"line":34,"column":6},"end":{"line":61,"column":null}},"5":{"start":{"line":39,"column":12},"end":{"line":39,"column":null}},"6":{"start":{"line":42,"column":12},"end":{"line":42,"column":null}},"7":{"start":{"line":45,"column":12},"end":{"line":45,"column":null}},"8":{"start":{"line":49,"column":8},"end":{"line":59,"column":null}},"9":{"start":{"line":51,"column":16},"end":{"line":51,"column":null}},"10":{"start":{"line":54,"column":16},"end":{"line":54,"column":null}},"11":{"start":{"line":55,"column":16},"end":{"line":55,"column":null}},"12":{"start":{"line":58,"column":16},"end":{"line":58,"column":null}},"13":{"start":{"line":63,"column":51},"end":{"line":63,"column":null}}},"fnMap":{"0":{"name":"(anonymous_0)","decl":{"start":{"line":29,"column":64},"end":{"line":29,"column":76}},"loc":{"start":{"line":29,"column":76},"end":{"line":32,"column":1}},"line":29},"1":{"name":"(anonymous_1)","decl":{"start":{"line":38,"column":8},"end":{"line":38,"column":18}},"loc":{"start":{"line":38,"column":56},"end":{"line":40,"column":null}},"line":38},"2":{"name":"(anonymous_2)","decl":{"start":{"line":41,"column":8},"end":{"line":41,"column":20}},"loc":{"start":{"line":41,"column":58},"end":{"line":43,"column":null}},"line":41},"3":{"name":"(anonymous_3)","decl":{"start":{"line":44,"column":8},"end":{"line":44,"column":16}},"loc":{"start":{"line":44,"column":62},"end":{"line":46,"column":null}},"line":44},"4":{"name":"(anonymous_4)","decl":{"start":{"line":48,"column":19},"end":{"line":48,"column":20}},"loc":{"start":{"line":48,"column":32},"end":{"line":60,"column":null}},"line":48},"5":{"name":"(anonymous_5)","decl":{"start":{"line":50,"column":44},"end":{"line":50,"column":45}},"loc":{"start":{"line":50,"column":55},"end":{"line":52,"column":13}},"line":50},"6":{"name":"(anonymous_6)","decl":{"start":{"line":53,"column":46},"end":{"line":53,"column":47}},"loc":{"start":{"line":53,"column":65},"end":{"line":56,"column":13}},"line":53},"7":{"name":"(anonymous_7)","decl":{"start":{"line":57,"column":45},"end":{"line":57,"column":46}},"loc":{"start":{"line":57,"column":56},"end":{"line":59,"column":13}},"line":57}},"branchMap":{},"s":{"0":6,"1":6,"2":0,"3":0,"4":6,"5":2,"6":1,"7":1,"8":6,"9":2,"10":0,"11":0,"12":0,"13":6},"f":{"0":0,"1":2,"2":1,"3":1,"4":6,"5":2,"6":0,"7":0},"b":{},"meta":{"lastBranch":0,"lastFunction":8,"lastStatement":14,"seen":{"s:21:36:27:Infinity":0,"s:29:13:32:Infinity":1,"f:29:64:29:76":0,"s:30:16:30:Infinity":2,"s:31:4:31:Infinity":3,"s:34:6:61:Infinity":4,"f:38:8:38:18":1,"s:39:12:39:Infinity":5,"f:41:8:41:20":2,"s:42:12:42:Infinity":6,"f:44:8:44:16":3,"s:45:12:45:Infinity":7,"f:48:19:48:20":4,"s:49:8:59:Infinity":8,"f:50:44:50:45":5,"s:51:16:51:Infinity":9,"f:53:46:53:47":6,"s:54:16:54:Infinity":10,"s:55:16:55:Infinity":11,"f:57:45:57:46":7,"s:58:16:58:Infinity":12,"s:63:51:63:Infinity":13}}}
,"C:\\Users\\abina\\Downloads\\Neura-Assigment-master\\Neura-Assigment-master\\src\\pages\\Favorites.tsx": {"path":"C:\\Users\\abina\\Downloads\\Neura-Assigment-master\\Neura-Assigment-master\\src\\pages\\Favorites.tsx","statementMap":{"0":{"start":{"line":8,"column":10},"end":{"line":8,"column":null}},"1":{"start":{"line":9,"column":10},"end":{"line":9,"column":null}},"2":{"start":{"line":9,"column":56},"end":{"line":9,"column":77}},"3":{"start":{"line":11,"column":4},"end":{"line":21,"column":null}},"4":{"start":{"line":12,"column":8},"end":{"line":19,"column":null}},"5":{"start":{"line":23,"column":4},"end":{"line":59,"column":null}},"6":{"start":{"line":32,"column":20},"end":{"line":56,"column":null}},"7":{"start":{"line":39,"column":47},"end":{"line":39,"column":null}}},"fnMap":{"0":{"name":"Favorites","decl":{"start":{"line":7,"column":24},"end":{"line":7,"column":36}},"loc":{"start":{"line":7,"column":36},"end":{"line":61,"column":null}},"line":7},"1":{"name":"(anonymous_1)","decl":{"start":{"line":9,"column":34},"end":{"line":9,"column":35}},"loc":{"start":{"line":9,"column":56},"end":{"line":9,"column":77}},"line":9},"2":{"name":"(anonymous_2)","decl":{"start":{"line":31,"column":31},"end":{"line":31,"column":32}},"loc":{"start":{"line":32,"column":20},"end":{"line":56,"column":null}},"line":32},"3":{"name":"(anonymous_3)","decl":{"start":{"line":39,"column":41},"end":{"line":39,"column":47}},"loc":{"start":{"line":39,"column":47},"end":{"line":39,"column":null}},"line":39}},"branchMap":{"0":{"loc":{"start":{"line":11,"column":4},"end":{"line":21,"column":null}},"type":"if","locations":[{"start":{"line":11,"column":4},"end":{"line":21,"column":null}},{"start":{},"end":{}}],"line":11}},"s":{"0":5,"1":5,"2":10,"3":5,"4":1,"5":4,"6":6,"7":1},"f":{"0":5,"1":10,"2":6,"3":1},"b":{"0":[1,4]},"meta":{"lastBranch":1,"lastFunction":4,"lastStatement":8,"seen":{"f:7:24:7:36":0,"s:8:10:8:Infinity":0,"s:9:10:9:Infinity":1,"f:9:34:9:35":1,"s:9:56:9:77":2,"b:11:4:21:Infinity:undefined:undefined:undefined:undefined":0,"s:11:4:21:Infinity":3,"s:12:8:19:Infinity":4,"s:23:4:59:Infinity":5,"f:31:31:31:32":2,"s:32:20:56:Infinity":6,"f:39:41:39:47":3,"s:39:47:39:Infinity":7}}}
,"C:\\Users\\abina\\Downloads\\Neura-Assigment-master\\Neura-Assigment-master\\src\\pages\\ProductDetail.tsx": {"path":"C:\\Users\\abina\\Downloads\\Neura-Assigment-master\\Neura-Assigment-master\\src\\pages\\ProductDetail.tsx","statementMap":{"0":{"start":{"line":11,"column":15},"end":{"line":11,"column":null}},"1":{"start":{"line":12,"column":10},"end":{"line":12,"column":null}},"2":{"start":{"line":13,"column":10},"end":{"line":13,"column":null}},"3":{"start":{"line":13,"column":56},"end":{"line":13,"column":77}},"4":{"start":{"line":15,"column":30},"end":{"line":15,"column":null}},"5":{"start":{"line":16,"column":30},"end":{"line":16,"column":null}},"6":{"start":{"line":18,"column":23},"end":{"line":18,"column":null}},"7":{"start":{"line":18,"column":45},"end":{"line":18,"column":64}},"8":{"start":{"line":20,"column":10},"end":{"line":20,"column":null}},"9":{"start":{"line":21,"column":10},"end":{"line":21,"column":null}},"10":{"start":{"line":22,"column":10},"end":{"line":22,"column":null}},"11":{"start":{"line":24,"column":4},"end":{"line":37,"column":null}},"12":{"start":{"line":26,"column":12},"end":{"line":33,"column":null}},"13":{"start":{"line":27,"column":28},"end":{"line":27,"column":null}},"14":{"start":{"line":28,"column":16},"end":{"line":28,"column":null}},"15":{"start":{"line":30,"column":16},"end":{"line":30,"column":null}},"16":{"start":{"line":32,"column":16},"end":{"line":32,"column":null}},"17":{"start":{"line":36,"column":8},"end":{"line":36,"column":null}},"18":{"start":{"line":40,"column":4},"end":{"line":55,"column":null}},"19":{"start":{"line":41,"column":8},"end":{"line":54,"column":null}},"20":{"start":{"line":42,"column":12},"end":{"line":46,"column":null}},"21":{"start":{"line":48,"column":12},"end":{"line":53,"column":null}},"22":{"start":{"line":49,"column":16},"end":{"line":53,"column":null}},"23":{"start":{"line":58,"column":4},"end":{"line":93,"column":null}},"24":{"start":{"line":59,"column":22},"end":{"line":59,"column":null}},"25":{"start":{"line":60,"column":8},"end":{"line":60,"column":null}},"26":{"start":{"line":60,"column":20},"end":{"line":60,"column":null}},"27":{"start":{"line":62,"column":32},"end":{"line":80,"column":null}},"28":{"start":{"line":63,"column":25},"end":{"line":63,"column":null}},"29":{"start":{"line":64,"column":22},"end":{"line":64,"column":null}},"30":{"start":{"line":65,"column":22},"end":{"line":65,"column":null}},"31":{"start":{"line":66,"column":28},"end":{"line":66,"column":null}},"32":{"start":{"line":67,"column":28},"end":{"line":67,"column":null}},"33":{"start":{"line":69,"column":18},"end":{"line":69,"column":null}},"34":{"start":{"line":70,"column":18},"end":{"line":70,"column":null}},"35":{"start":{"line":72,"column":12},"end":{"line":79,"column":null}},"36":{"start":{"line":82,"column":33},"end":{"line":84,"column":null}},"37":{"start":{"line":83,"column":12},"end":{"line":83,"column":null}},"38":{"start":{"line":86,"column":8},"end":{"line":86,"column":null}},"39":{"start":{"line":87,"column":8},"end":{"line":87,"column":null}},"40":{"start":{"line":89,"column":8},"end":{"line":92,"column":null}},"41":{"start":{"line":90,"column":12},"end":{"line":90,"column":null}},"42":{"start":{"line":91,"column":12},"end":{"line":91,"column":null}},"43":{"start":{"line":95,"column":32},"end":{"line":100,"column":null}},"44":{"start":{"line":96,"column":8},"end":{"line":96,"column":null}},"45":{"start":{"line":96,"column":22},"end":{"line":96,"column":null}},"46":{"start":{"line":98,"column":8},"end":{"line":98,"column":null}},"47":{"start":{"line":99,"column":8},"end":{"line":99,"column":null}},"48":{"start":{"line":102,"column":4},"end":{"line":102,"column":null}},"49":{"start":{"line":102,"column":17},"end":{"line":102,"column":null}},"50":{"start":{"line":103,"column":4},"end":{"line":103,"column":null}},"51":{"start":{"line":103,"column":18},"end":{"line":103,"column":null}},"52":{"start":{"line":105,"column":4},"end":{"line":139,"column":null}}},"fnMap":{"0":{"name":"ProductDetail","decl":{"start":{"line":10,"column":24},"end":{"line":10,"column":40}},"loc":{"start":{"line":10,"column":40},"end":{"line":141,"column":null}},"line":10},"1":{"name":"(anonymous_1)","decl":{"start":{"line":13,"column":34},"end":{"line":13,"column":35}},"loc":{"start":{"line":13,"column":56},"end":{"line":13,"column":77}},"line":13},"2":{"name":"(anonymous_2)","decl":{"start":{"line":18,"column":38},"end":{"line":18,"column":39}},"loc":{"start":{"line":18,"column":45},"end":{"line":18,"column":64}},"line":18},"3":{"name":"(anonymous_3)","decl":{"start":{"line":24,"column":14},"end":{"line":24,"column":20}},"loc":{"start":{"line":24,"column":20},"end":{"line":37,"column":7}},"line":24},"4":{"name":"fetchProduct","decl":{"start":{"line":25,"column":23},"end":{"line":25,"column":38}},"loc":{"start":{"line":25,"column":38},"end":{"line":34,"column":null}},"line":25},"5":{"name":"(anonymous_5)","decl":{"start":{"line":40,"column":14},"end":{"line":40,"column":20}},"loc":{"start":{"line":40,"column":20},"end":{"line":55,"column":7}},"line":40},"6":{"name":"(anonymous_6)","decl":{"start":{"line":58,"column":14},"end":{"line":58,"column":20}},"loc":{"start":{"line":58,"column":20},"end":{"line":93,"column":7}},"line":58},"7":{"name":"(anonymous_7)","decl":{"start":{"line":62,"column":32},"end":{"line":62,"column":33}},"loc":{"start":{"line":62,"column":51},"end":{"line":80,"column":null}},"line":62},"8":{"name":"(anonymous_8)","decl":{"start":{"line":82,"column":33},"end":{"line":82,"column":39}},"loc":{"start":{"line":82,"column":39},"end":{"line":84,"column":null}},"line":82},"9":{"name":"(anonymous_9)","decl":{"start":{"line":89,"column":15},"end":{"line":89,"column":21}},"loc":{"start":{"line":89,"column":21},"end":{"line":92,"column":null}},"line":89},"10":{"name":"(anonymous_10)","decl":{"start":{"line":95,"column":32},"end":{"line":95,"column":38}},"loc":{"start":{"line":95,"column":38},"end":{"line":100,"column":null}},"line":95}},"branchMap":{"0":{"loc":{"start":{"line":41,"column":8},"end":{"line":54,"column":null}},"type":"if","locations":[{"start":{"line":41,"column":8},"end":{"line":54,"column":null}},{"start":{},"end":{}}],"line":41},"1":{"loc":{"start":{"line":41,"column":12},"end":{"line":41,"column":33}},"type":"binary-expr","locations":[{"start":{"line":41,"column":12},"end":{"line":41,"column":24}},{"start":{"line":41,"column":24},"end":{"line":41,"column":33}}],"line":41},"2":{"loc":{"start":{"line":48,"column":12},"end":{"line":53,"column":null}},"type":"if","locations":[{"start":{"line":48,"column":12},"end":{"line":53,"column":null}},{"start":{},"end":{}}],"line":48},"3":{"loc":{"start":{"line":60,"column":8},"end":{"line":60,"column":null}},"type":"if","locations":[{"start":{"line":60,"column":8},"end":{"line":60,"column":null}},{"start":{},"end":{}}],"line":60},"4":{"loc":{"start":{"line":96,"column":8},"end":{"line":96,"column":null}},"type":"if","locations":[{"start":{"line":96,"column":8},"end":{"line":96,"column":null}},{"start":{},"end":{}}],"line":96},"5":{"loc":{"start":{"line":99,"column":8},"end":{"line":99,"column":null}},"type":"cond-expr","locations":[{"start":{"line":99,"column":21},"end":{"line":99,"column":60}},{"start":{"line":99,"column":60},"end":{"line":99,"column":null}}],"line":99},"6":{"loc":{"start":{"line":102,"column":4},"end":{"line":102,"column":null}},"type":"if","locations":[{"start":{"line":102,"column":4},"end":{"line":102,"column":null}},{"start":{},"end":{}}],"line":102},"7":{"loc":{"start":{"line":103,"column":4},"end":{"line":103,"column":null}},"type":"if","locations":[{"start":{"line":103,"column":4},"end":{"line":103,"column":null}},{"start":{},"end":{}}],"line":103},"8":{"loc":{"start":{"line":133,"column":24},"end":{"line":133,"column":null}},"type":"cond-expr","locations":[{"start":{"line":133,"column":37},"end":{"line":133,"column":69}},{"start":{"line":133,"column":69},"end":{"line":133,"column":null}}],"line":133},"9":{"loc":{"start":{"line":136,"column":21},"end":{"line":136,"column":null}},"type":"cond-expr","locations":[{"start":{"line":136,"column":34},"end":{"line":136,"column":60}},{"start":{"line":136,"column":60},"end":{"line":136,"column":null}}],"line":136}},"s":{"0":14,"1":14,"2":14,"3":23,"4":14,"5":14,"6":14,"7":4,"8":14,"9":14,"10":14,"11":14,"12":6,"13":6,"14":5,"15":2,"16":6,"17":6,"18":14,"19":11,"20":4,"21":4,"22":4,"23":14,"24":9,"25":9,"26":6,"27":3,"28":0,"29":0,"30":0,"31":0,"32":0,"33":0,"34":0,"35":0,"36":3,"37":0,"38":3,"39":3,"40":3,"41":3,"42":3,"43":14,"44":3,"45":0,"46":3,"47":3,"48":14,"49":6,"50":8,"51":8,"52":7},"f":{"0":14,"1":23,"2":4,"3":6,"4":6,"5":11,"6":9,"7":0,"8":0,"9":3,"10":3},"b":{"0":[4,7],"1":[11,5],"2":[4,0],"3":[6,3],"4":[0,3],"5":[1,2],"6":[6,8],"7":[1,7],"8":[2,5],"9":[2,5]},"meta":{"lastBranch":10,"lastFunction":11,"lastStatement":53,"seen":{"f:10:24:10:40":0,"s:11:15:11:Infinity":0,"s:12:10:12:Infinity":1,"s:13:10:13:Infinity":2,"f:13:34:13:35":1,"s:13:56:13:77":3,"s:15:30:15:Infinity":4,"s:16:30:16:Infinity":5,"s:18:23:18:Infinity":6,"f:18:38:18:39":2,"s:18:45:18:64":7,"s:20:10:20:Infinity":8,"s:21:10:21:Infinity":9,"s:22:10:22:Infinity":10,"s:24:4:37:Infinity":11,"f:24:14:24:20":3,"f:25:23:25:38":4,"s:26:12:33:Infinity":12,"s:27:28:27:Infinity":13,"s:28:16:28:Infinity":14,"s:30:16:30:Infinity":15,"s:32:16:32:Infinity":16,"s:36:8:36:Infinity":17,"s:40:4:55:Infinity":18,"f:40:14:40:20":5,"b:41:8:54:Infinity:undefined:undefined:undefined:undefined":0,"s:41:8:54:Infinity":19,"b:41:12:41:24:41:24:41:33":1,"s:42:12:46:Infinity":20,"b:48:12:53:Infinity:undefined:undefined:undefined:undefined":2,"s:48:12:53:Infinity":21,"s:49:16:53:Infinity":22,"s:58:4:93:Infinity":23,"f:58:14:58:20":6,"s:59:22:59:Infinity":24,"b:60:8:60:Infinity:undefined:undefined:undefined:undefined":3,"s:60:8:60:Infinity":25,"s:60:20:60:Infinity":26,"s:62:32:80:Infinity":27,"f:62:32:62:33":7,"s:63:25:63:Infinity":28,"s:64:22:64:Infinity":29,"s:65:22:65:Infinity":30,"s:66:28:66:Infinity":31,"s:67:28:67:Infinity":32,"s:69:18:69:Infinity":33,"s:70:18:70:Infinity":34,"s:72:12:79:Infinity":35,"s:82:33:84:Infinity":36,"f:82:33:82:39":8,"s:83:12:83:Infinity":37,"s:86:8:86:Infinity":38,"s:87:8:87:Infinity":39,"s:89:8:92:Infinity":40,"f:89:15:89:21":9,"s:90:12:90:Infinity":41,"s:91:12:91:Infinity":42,"s:95:32:100:Infinity":43,"f:95:32:95:38":10,"b:96:8:96:Infinity:undefined:undefined:undefined:undefined":4,"s:96:8:96:Infinity":44,"s:96:22:96:Infinity":45,"s:98:8:98:Infinity":46,"s:99:8:99:Infinity":47,"b:99:21:99:60:99:60:99:Infinity":5,"b:102:4:102:Infinity:undefined:undefined:undefined:undefined":6,"s:102:4:102:Infinity":48,"s:102:17:102:Infinity":49,"b:103:4:103:Infinity:undefined:undefined:undefined:undefined":7,"s:103:4:103:Infinity":50,"s:103:18:103:Infinity":51,"s:105:4:139:Infinity":52,"b:133:37:133:69:133:69:133:Infinity":8,"b:136:34:136:60:136:60:136:Infinity":9}}}
,"C:\\Users\\abina\\Downloads\\Neura-Assigment-master\\Neura-Assigment-master\\src\\pages\\ProductList.tsx": {"path":"C:\\Users\\abina\\Downloads\\Neura-Assigment-master\\Neura-Assigment-master\\src\\pages\\ProductList.tsx","statementMap":{"0":{"start":{"line":11,"column":10},"end":{"line":11,"column":null}},"1":{"start":{"line":12,"column":10},"end":{"line":12,"column":null}},"2":{"start":{"line":14,"column":50},"end":{"line":14,"column":null}},"3":{"start":{"line":14,"column":88},"end":{"line":14,"column":102}},"4":{"start":{"line":16,"column":4},"end":{"line":20,"column":null}},"5":{"start":{"line":17,"column":8},"end":{"line":19,"column":null}},"6":{"start":{"line":18,"column":12},"end":{"line":18,"column":null}},"7":{"start":{"line":22,"column":10},"end":{"line":36,"column":null}},"8":{"start":{"line":23,"column":19},"end":{"line":23,"column":null}},"9":{"start":{"line":25,"column":8},"end":{"line":27,"column":null}},"10":{"start":{"line":26,"column":12},"end":{"line":26,"column":null}},"11":{"start":{"line":26,"column":38},"end":{"line":26,"column":90}},"12":{"start":{"line":29,"column":8},"end":{"line":31,"column":null}},"13":{"start":{"line":30,"column":12},"end":{"line":30,"column":null}},"14":{"start":{"line":30,"column":38},"end":{"line":30,"column":61}},"15":{"start":{"line":33,"column":8},"end":{"line":33,"column":null}},"16":{"start":{"line":33,"column":29},"end":{"line":33,"column":84}},"17":{"start":{"line":35,"column":8},"end":{"line":35,"column":null}},"18":{"start":{"line":39,"column":4},"end":{"line":53,"column":null}},"19":{"start":{"line":40,"column":8},"end":{"line":40,"column":null}},"20":{"start":{"line":40,"column":63},"end":{"line":40,"column":null}},"21":{"start":{"line":42,"column":8},"end":{"line":52,"column":null}},"22":{"start":{"line":55,"column":4},"end":{"line":61,"column":null}},"23":{"start":{"line":56,"column":8},"end":{"line":59,"column":null}},"24":{"start":{"line":63,"column":4},"end":{"line":83,"column":null}},"25":{"start":{"line":68,"column":54},"end":{"line":68,"column":82}},"26":{"start":{"line":68,"column":105},"end":{"line":68,"column":129}},"27":{"start":{"line":77,"column":20},"end":{"line":77,"column":null}}},"fnMap":{"0":{"name":"ProductList","decl":{"start":{"line":10,"column":24},"end":{"line":10,"column":38}},"loc":{"start":{"line":10,"column":38},"end":{"line":85,"column":null}},"line":10},"1":{"name":"(anonymous_1)","decl":{"start":{"line":14,"column":66},"end":{"line":14,"column":67}},"loc":{"start":{"line":14,"column":88},"end":{"line":14,"column":102}},"line":14},"2":{"name":"(anonymous_2)","decl":{"start":{"line":16,"column":14},"end":{"line":16,"column":20}},"loc":{"start":{"line":16,"column":20},"end":{"line":20,"column":7}},"line":16},"3":{"name":"(anonymous_3)","decl":{"start":{"line":22,"column":37},"end":{"line":22,"column":43}},"loc":{"start":{"line":22,"column":43},"end":{"line":36,"column":7}},"line":22},"4":{"name":"(anonymous_4)","decl":{"start":{"line":26,"column":31},"end":{"line":26,"column":32}},"loc":{"start":{"line":26,"column":38},"end":{"line":26,"column":90}},"line":26},"5":{"name":"(anonymous_5)","decl":{"start":{"line":30,"column":31},"end":{"line":30,"column":32}},"loc":{"start":{"line":30,"column":38},"end":{"line":30,"column":61}},"line":30},"6":{"name":"(anonymous_6)","decl":{"start":{"line":33,"column":18},"end":{"line":33,"column":19}},"loc":{"start":{"line":33,"column":29},"end":{"line":33,"column":84}},"line":33},"7":{"name":"(anonymous_7)","decl":{"start":{"line":39,"column":14},"end":{"line":39,"column":20}},"loc":{"start":{"line":39,"column":20},"end":{"line":53,"column":7}},"line":39},"8":{"name":"(anonymous_8)","decl":{"start":{"line":68,"column":45},"end":{"line":68,"column":46}},"loc":{"start":{"line":68,"column":54},"end":{"line":68,"column":82}},"line":68},"9":{"name":"(anonymous_9)","decl":{"start":{"line":68,"column":96},"end":{"line":68,"column":97}},"loc":{"start":{"line":68,"column":105},"end":{"line":68,"column":129}},"line":68},"10":{"name":"(anonymous_10)","decl":{"start":{"line":76,"column":38},"end":{"line":76,"column":39}},"loc":{"start":{"line":77,"column":20},"end":{"line":77,"column":null}},"line":77}},"branchMap":{"0":{"loc":{"start":{"line":17,"column":8},"end":{"line":19,"column":null}},"type":"if","locations":[{"start":{"line":17,"column":8},"end":{"line":19,"column":null}},{"start":{},"end":{}}],"line":17},"1":{"loc":{"start":{"line":17,"column":12},"end":{"line":17,"column":53}},"type":"binary-expr","locations":[{"start":{"line":17,"column":12},"end":{"line":17,"column":33}},{"start":{"line":17,"column":33},"end":{"line":17,"column":53}}],"line":17},"2":{"loc":{"start":{"line":25,"column":8},"end":{"line":27,"column":null}},"type":"if","locations":[{"start":{"line":25,"column":8},"end":{"line":27,"column":null}},{"start":{},"end":{}}],"line":25},"3":{"loc":{"start":{"line":29,"column":8},"end":{"line":31,"column":null}},"type":"if","locations":[{"start":{"line":29,"column":8},"end":{"line":31,"column":null}},{"start":{},"end":{}}],"line":29},"4":{"loc":{"start":{"line":33,"column":29},"end":{"line":33,"column":84}},"type":"cond-expr","locations":[{"start":{"line":33,"column":46},"end":{"line":33,"column":66}},{"start":{"line":33,"column":66},"end":{"line":33,"column":84}}],"line":33},"5":{"loc":{"start":{"line":40,"column":8},"end":{"line":40,"column":null}},"type":"if","locations":[{"start":{"line":40,"column":8},"end":{"line":40,"column":null}},{"start":{},"end":{}}],"line":40},"6":{"loc":{"start":{"line":40,"column":12},"end":{"line":40,"column":63}},"type":"binary-expr","locations":[{"start":{"line":40,"column":12},"end":{"line":40,"column":32}},{"start":{"line":40,"column":32},"end":{"line":40,"column":63}}],"line":40},"7":{"loc":{"start":{"line":55,"column":4},"end":{"line":61,"column":null}},"type":"if","locations":[{"start":{"line":55,"column":4},"end":{"line":61,"column":null}},{"start":{},"end":{}}],"line":55},"8":{"loc":{"start":{"line":72,"column":13},"end":{"line":72,"column":null}},"type":"binary-expr","locations":[{"start":{"line":72,"column":13},"end":{"line":72,"column":46}},{"start":{"line":72,"column":46},"end":{"line":72,"column":null}}],"line":72}},"s":{"0":8,"1":8,"2":8,"3":17,"4":8,"5":8,"6":2,"7":8,"8":6,"9":6,"10":1,"11":0,"12":6,"13":1,"14":2,"15":6,"16":2,"17":6,"18":8,"19":6,"20":3,"21":3,"22":8,"23":3,"24":5,"25":0,"26":0,"27":5},"f":{"0":8,"1":17,"2":8,"3":6,"4":0,"5":2,"6":2,"7":6,"8":0,"9":0,"10":5},"b":{"0":[2,6],"1":[8,4],"2":[1,5],"3":[1,5],"4":[2,0],"5":[3,3],"6":[6,5],"7":[3,5],"8":[5,2]},"meta":{"lastBranch":9,"lastFunction":11,"lastStatement":28,"seen":{"f:10:24:10:38":0,"s:11:10:11:Infinity":0,"s:12:10:12:Infinity":1,"s:14:50:14:Infinity":2,"f:14:66:14:67":1,"s:14:88:14:102":3,"s:16:4:20:Infinity":4,"f:16:14:16:20":2,"b:17:8:19:Infinity:undefined:undefined:undefined:undefined":0,"s:17:8:19:Infinity":5,"b:17:12:17:33:17:33:17:53":1,"s:18:12:18:Infinity":6,"s:22:10:36:Infinity":7,"f:22:37:22:43":3,"s:23:19:23:Infinity":8,"b:25:8:27:Infinity:undefined:undefined:undefined:undefined":2,"s:25:8:27:Infinity":9,"s:26:12:26:Infinity":10,"f:26:31:26:32":4,"s:26:38:26:90":11,"b:29:8:31:Infinity:undefined:undefined:undefined:undefined":3,"s:29:8:31:Infinity":12,"s:30:12:30:Infinity":13,"f:30:31:30:32":5,"s:30:38:30:61":14,"s:33:8:33:Infinity":15,"f:33:18:33:19":6,"s:33:29:33:84":16,"b:33:46:33:66:33:66:33:84":4,"s:35:8:35:Infinity":17,"s:39:4:53:Infinity":18,"f:39:14:39:20":7,"b:40:8:40:Infinity:undefined:undefined:undefined:undefined":5,"s:40:8:40:Infinity":19,"b:40:12:40:32:40:32:40:63":6,"s:40:63:40:Infinity":20,"s:42:8:52:Infinity":21,"b:55:4:61:Infinity:undefined:undefined:undefined:undefined":7,"s:55:4:61:Infinity":22,"s:56:8:59:Infinity":23,"s:63:4:83:Infinity":24,"f:68:45:68:46":8,"s:68:54:68:82":25,"f:68:96:68:97":9,"s:68:105:68:129":26,"b:72:13:72:46:72:46:72:Infinity":8,"f:76:38:76:39":10,"s:77:20:77:Infinity":27}}}
,"C:\\Users\\abina\\Downloads\\Neura-Assigment-master\\Neura-Assigment-master\\src\\pages\\test-utils.tsx": {"path":"C:\\Users\\abina\\Downloads\\Neura-Assigment-master\\Neura-Assigment-master\\src\\pages\\test-utils.tsx","statementMap":{"0":{"start":{"line":20,"column":4},"end":{"line":20,"column":null}},"1":{"start":{"line":22,"column":4},"end":{"line":29,"column":null}}},"fnMap":{"0":{"name":"renderWithStoreAndRouter","decl":{"start":{"line":9,"column":16},"end":{"line":9,"column":null}},"loc":{"start":{"line":19,"column":2},"end":{"line":30,"column":null}},"line":19}},"branchMap":{"0":{"loc":{"start":{"line":11,"column":4},"end":{"line":18,"column":null}},"type":"default-arg","locations":[{"start":{"line":18,"column":13},"end":{"line":18,"column":null}}],"line":11},"1":{"loc":{"start":{"line":12,"column":8},"end":{"line":12,"column":null}},"type":"default-arg","locations":[{"start":{"line":12,"column":25},"end":{"line":12,"column":null}}],"line":12},"2":{"loc":{"start":{"line":13,"column":8},"end":{"line":13,"column":null}},"type":"default-arg","locations":[{"start":{"line":13,"column":16},"end":{"line":13,"column":null}}],"line":13},"3":{"loc":{"start":{"line":14,"column":8},"end":{"line":17,"column":null}},"type":"default-arg","locations":[{"start":{"line":14,"column":8},"end":{"line":17,"column":null}}],"line":14}},"s":{"0":3,"1":3},"f":{"0":3},"b":{"0":[3],"1":[3],"2":[3],"3":[3]},"meta":{"lastBranch":4,"lastFunction":1,"lastStatement":2,"seen":{"f:9:16:9:Infinity":0,"b:18:13:18:Infinity":0,"b:12:25:12:Infinity":1,"b:13:16:13:Infinity":2,"b:14:8:17:Infinity":3,"s:20:4:20:Infinity":0,"s:22:4:29:Infinity":1}}}
}
